{"/Users/churka/crypto-dashboard/frontend/src/api/auth.ts": {"path":"/Users/churka/crypto-dashboard/frontend/src/api/auth.ts","statementMap":{"0":{"start":{"line":10,"column":2},"end":{"line":14,"column":null}},"1":{"start":{"line":21,"column":15},"end":{"line":25,"column":null}},"2":{"start":{"line":26,"column":2},"end":{"line":26,"column":null}},"3":{"start":{"line":27,"column":2},"end":{"line":27,"column":null}},"4":{"start":{"line":46,"column":2},"end":{"line":49,"column":null}},"5":{"start":{"line":55,"column":15},"end":{"line":59,"column":null}},"6":{"start":{"line":60,"column":2},"end":{"line":60,"column":null}},"7":{"start":{"line":61,"column":2},"end":{"line":61,"column":null}},"8":{"start":{"line":67,"column":2},"end":{"line":67,"column":null}},"9":{"start":{"line":71,"column":2},"end":{"line":71,"column":null}},"10":{"start":{"line":76,"column":2},"end":{"line":76,"column":null}},"11":{"start":{"line":84,"column":2},"end":{"line":84,"column":null}}},"fnMap":{"0":{"name":"requestEmailCode","decl":{"start":{"line":6,"column":22},"end":{"line":6,"column":null}},"loc":{"start":{"line":9,"column":17},"end":{"line":15,"column":null}},"line":9},"1":{"name":"verifyEmailCode","decl":{"start":{"line":17,"column":22},"end":{"line":17,"column":null}},"loc":{"start":{"line":20,"column":22},"end":{"line":28,"column":null}},"line":20},"2":{"name":"getTelegramWidgetConfig","decl":{"start":{"line":42,"column":22},"end":{"line":42,"column":null}},"loc":{"start":{"line":45,"column":3},"end":{"line":50,"column":null}},"line":45},"3":{"name":"loginWithTelegramPayload","decl":{"start":{"line":52,"column":22},"end":{"line":52,"column":null}},"loc":{"start":{"line":54,"column":22},"end":{"line":62,"column":null}},"line":54},"4":{"name":"me","decl":{"start":{"line":66,"column":22},"end":{"line":66,"column":45}},"loc":{"start":{"line":66,"column":45},"end":{"line":68,"column":null}},"line":66},"5":{"name":"logout","decl":{"start":{"line":70,"column":16},"end":{"line":70,"column":31}},"loc":{"start":{"line":70,"column":31},"end":{"line":72,"column":null}},"line":70},"6":{"name":"consumeCallbackTokens","decl":{"start":{"line":75,"column":16},"end":{"line":75,"column":38}},"loc":{"start":{"line":75,"column":77},"end":{"line":77,"column":null}},"line":75},"7":{"name":"getOAuthStartUrl","decl":{"start":{"line":81,"column":16},"end":{"line":81,"column":null}},"loc":{"start":{"line":83,"column":10},"end":{"line":85,"column":null}},"line":83}},"branchMap":{},"s":{"0":1,"1":1,"2":1,"3":1,"4":1,"5":1,"6":1,"7":1,"8":1,"9":1,"10":1,"11":3},"f":{"0":1,"1":1,"2":1,"3":1,"4":1,"5":1,"6":1,"7":3},"b":{},"meta":{"lastBranch":0,"lastFunction":8,"lastStatement":12,"seen":{"f:6:22:6:Infinity":0,"s:10:2:14:Infinity":0,"f:17:22:17:Infinity":1,"s:21:15:25:Infinity":1,"s:26:2:26:Infinity":2,"s:27:2:27:Infinity":3,"f:42:22:42:Infinity":2,"s:46:2:49:Infinity":4,"f:52:22:52:Infinity":3,"s:55:15:59:Infinity":5,"s:60:2:60:Infinity":6,"s:61:2:61:Infinity":7,"f:66:22:66:45":4,"s:67:2:67:Infinity":8,"f:70:16:70:31":5,"s:71:2:71:Infinity":9,"f:75:16:75:38":6,"s:76:2:76:Infinity":10,"f:81:16:81:Infinity":7,"s:84:2:84:Infinity":11}}}
,"/Users/churka/crypto-dashboard/frontend/src/api/backtest.ts": {"path":"/Users/churka/crypto-dashboard/frontend/src/api/backtest.ts","statementMap":{"0":{"start":{"line":71,"column":27},"end":{"line":75,"column":null}},"1":{"start":{"line":71,"column":28},"end":{"line":75,"column":null}},"2":{"start":{"line":77,"column":27},"end":{"line":78,"column":null}},"3":{"start":{"line":77,"column":28},"end":{"line":78,"column":null}},"4":{"start":{"line":80,"column":29},"end":{"line":81,"column":null}},"5":{"start":{"line":80,"column":38},"end":{"line":81,"column":null}},"6":{"start":{"line":83,"column":30},"end":{"line":84,"column":null}},"7":{"start":{"line":83,"column":31},"end":{"line":84,"column":null}}},"fnMap":{"0":{"name":"(anonymous_0)","decl":{"start":{"line":71,"column":27},"end":{"line":71,"column":28}},"loc":{"start":{"line":71,"column":28},"end":{"line":75,"column":null}},"line":71},"1":{"name":"(anonymous_1)","decl":{"start":{"line":77,"column":27},"end":{"line":77,"column":28}},"loc":{"start":{"line":77,"column":28},"end":{"line":78,"column":null}},"line":77},"2":{"name":"(anonymous_2)","decl":{"start":{"line":80,"column":29},"end":{"line":80,"column":30}},"loc":{"start":{"line":80,"column":38},"end":{"line":81,"column":null}},"line":80},"3":{"name":"(anonymous_3)","decl":{"start":{"line":83,"column":30},"end":{"line":83,"column":31}},"loc":{"start":{"line":83,"column":31},"end":{"line":84,"column":null}},"line":83}},"branchMap":{"0":{"loc":{"start":{"line":80,"column":30},"end":{"line":80,"column":null}},"type":"default-arg","locations":[{"start":{"line":80,"column":38},"end":{"line":80,"column":null}}],"line":80}},"s":{"0":1,"1":1,"2":1,"3":1,"4":1,"5":2,"6":1,"7":1},"f":{"0":1,"1":1,"2":2,"3":1},"b":{"0":[2]},"meta":{"lastBranch":1,"lastFunction":4,"lastStatement":8,"seen":{"s:71:27:75:Infinity":0,"f:71:27:71:28":0,"s:71:28:75:Infinity":1,"s:77:27:78:Infinity":2,"f:77:27:77:28":1,"s:77:28:78:Infinity":3,"s:80:29:81:Infinity":4,"f:80:29:80:30":2,"s:80:38:81:Infinity":5,"b:80:38:80:Infinity":0,"s:83:30:84:Infinity":6,"f:83:30:83:31":3,"s:83:31:84:Infinity":7}}}
,"/Users/churka/crypto-dashboard/frontend/src/api/balances.ts": {"path":"/Users/churka/crypto-dashboard/frontend/src/api/balances.ts","statementMap":{"0":{"start":{"line":5,"column":2},"end":{"line":5,"column":null}},"1":{"start":{"line":9,"column":2},"end":{"line":9,"column":null}}},"fnMap":{"0":{"name":"listBalances","decl":{"start":{"line":4,"column":22},"end":{"line":4,"column":35}},"loc":{"start":{"line":4,"column":80},"end":{"line":6,"column":null}},"line":4},"1":{"name":"fetchBalanceSummary","decl":{"start":{"line":8,"column":22},"end":{"line":8,"column":72}},"loc":{"start":{"line":8,"column":72},"end":{"line":10,"column":null}},"line":8}},"branchMap":{},"s":{"0":1,"1":1},"f":{"0":1,"1":1},"b":{},"meta":{"lastBranch":0,"lastFunction":2,"lastStatement":2,"seen":{"f:4:22:4:35":0,"s:5:2:5:Infinity":0,"f:8:22:8:72":1,"s:9:2:9:Infinity":1}}}
,"/Users/churka/crypto-dashboard/frontend/src/api/bots.ts": {"path":"/Users/churka/crypto-dashboard/frontend/src/api/bots.ts","statementMap":{"0":{"start":{"line":5,"column":2},"end":{"line":5,"column":null}},"1":{"start":{"line":9,"column":2},"end":{"line":9,"column":null}},"2":{"start":{"line":13,"column":2},"end":{"line":16,"column":null}},"3":{"start":{"line":20,"column":2},"end":{"line":20,"column":null}},"4":{"start":{"line":24,"column":2},"end":{"line":27,"column":null}},"5":{"start":{"line":31,"column":2},"end":{"line":34,"column":null}},"6":{"start":{"line":38,"column":2},"end":{"line":38,"column":null}}},"fnMap":{"0":{"name":"listBots","decl":{"start":{"line":4,"column":22},"end":{"line":4,"column":52}},"loc":{"start":{"line":4,"column":52},"end":{"line":6,"column":null}},"line":4},"1":{"name":"getBot","decl":{"start":{"line":8,"column":22},"end":{"line":8,"column":29}},"loc":{"start":{"line":8,"column":58},"end":{"line":10,"column":null}},"line":8},"2":{"name":"createBot","decl":{"start":{"line":12,"column":22},"end":{"line":12,"column":32}},"loc":{"start":{"line":12,"column":68},"end":{"line":17,"column":null}},"line":12},"3":{"name":"startBot","decl":{"start":{"line":19,"column":22},"end":{"line":19,"column":31}},"loc":{"start":{"line":19,"column":60},"end":{"line":21,"column":null}},"line":19},"4":{"name":"stopBot","decl":{"start":{"line":23,"column":22},"end":{"line":23,"column":30}},"loc":{"start":{"line":23,"column":83},"end":{"line":28,"column":null}},"line":23},"5":{"name":"updateBotParams","decl":{"start":{"line":30,"column":22},"end":{"line":30,"column":38}},"loc":{"start":{"line":30,"column":100},"end":{"line":35,"column":null}},"line":30},"6":{"name":"deleteBot","decl":{"start":{"line":37,"column":22},"end":{"line":37,"column":32}},"loc":{"start":{"line":37,"column":59},"end":{"line":39,"column":null}},"line":37}},"branchMap":{"0":{"loc":{"start":{"line":23,"column":42},"end":{"line":23,"column":83}},"type":"default-arg","locations":[{"start":{"line":23,"column":59},"end":{"line":23,"column":83}}],"line":23}},"s":{"0":1,"1":1,"2":1,"3":1,"4":2,"5":1,"6":1},"f":{"0":1,"1":1,"2":1,"3":1,"4":2,"5":1,"6":1},"b":{"0":[2]},"meta":{"lastBranch":1,"lastFunction":7,"lastStatement":7,"seen":{"f:4:22:4:52":0,"s:5:2:5:Infinity":0,"f:8:22:8:29":1,"s:9:2:9:Infinity":1,"f:12:22:12:32":2,"s:13:2:16:Infinity":2,"f:19:22:19:31":3,"s:20:2:20:Infinity":3,"f:23:22:23:30":4,"b:23:59:23:83":0,"s:24:2:27:Infinity":4,"f:30:22:30:38":5,"s:31:2:34:Infinity":5,"f:37:22:37:32":6,"s:38:2:38:Infinity":6}}}
,"/Users/churka/crypto-dashboard/frontend/src/api/candles.ts": {"path":"/Users/churka/crypto-dashboard/frontend/src/api/candles.ts","statementMap":{"0":{"start":{"line":10,"column":2},"end":{"line":12,"column":null}}},"fnMap":{"0":{"name":"fetchCandles","decl":{"start":{"line":4,"column":22},"end":{"line":4,"column":null}},"loc":{"start":{"line":9,"column":24},"end":{"line":13,"column":null}},"line":9}},"branchMap":{"0":{"loc":{"start":{"line":8,"column":2},"end":{"line":8,"column":null}},"type":"default-arg","locations":[{"start":{"line":8,"column":10},"end":{"line":8,"column":null}}],"line":8}},"s":{"0":1},"f":{"0":1},"b":{"0":[1]},"meta":{"lastBranch":1,"lastFunction":1,"lastStatement":1,"seen":{"f:4:22:4:Infinity":0,"b:8:10:8:Infinity":0,"s:10:2:12:Infinity":0}}}
,"/Users/churka/crypto-dashboard/frontend/src/api/client.ts": {"path":"/Users/churka/crypto-dashboard/frontend/src/api/client.ts","statementMap":{"0":{"start":{"line":7,"column":18},"end":{"line":7,"column":null}},"1":{"start":{"line":12,"column":26},"end":{"line":12,"column":null}},"2":{"start":{"line":14,"column":19},"end":{"line":14,"column":null}},"3":{"start":{"line":15,"column":20},"end":{"line":15,"column":null}},"4":{"start":{"line":18,"column":2},"end":{"line":18,"column":null}},"5":{"start":{"line":22,"column":2},"end":{"line":22,"column":null}},"6":{"start":{"line":26,"column":2},"end":{"line":26,"column":null}},"7":{"start":{"line":27,"column":2},"end":{"line":27,"column":null}},"8":{"start":{"line":31,"column":2},"end":{"line":31,"column":null}},"9":{"start":{"line":32,"column":2},"end":{"line":32,"column":null}},"10":{"start":{"line":39,"column":4},"end":{"line":39,"column":null}},"11":{"start":{"line":40,"column":4},"end":{"line":40,"column":null}},"12":{"start":{"line":41,"column":4},"end":{"line":41,"column":null}},"13":{"start":{"line":51,"column":22},"end":{"line":51,"column":null}},"14":{"start":{"line":52,"column":2},"end":{"line":60,"column":null}},"15":{"start":{"line":53,"column":4},"end":{"line":53,"column":null}},"16":{"start":{"line":55,"column":4},"end":{"line":59,"column":null}},"17":{"start":{"line":56,"column":6},"end":{"line":56,"column":null}},"18":{"start":{"line":58,"column":6},"end":{"line":58,"column":null}},"19":{"start":{"line":62,"column":2},"end":{"line":69,"column":null}},"20":{"start":{"line":63,"column":20},"end":{"line":63,"column":null}},"21":{"start":{"line":64,"column":4},"end":{"line":64,"column":null}},"22":{"start":{"line":65,"column":2},"end":{"line":69,"column":null}},"23":{"start":{"line":66,"column":4},"end":{"line":66,"column":null}},"24":{"start":{"line":68,"column":4},"end":{"line":68,"column":null}},"25":{"start":{"line":70,"column":2},"end":{"line":70,"column":null}},"26":{"start":{"line":74,"column":18},"end":{"line":74,"column":null}},"27":{"start":{"line":75,"column":2},"end":{"line":75,"column":null}},"28":{"start":{"line":75,"column":16},"end":{"line":75,"column":null}},"29":{"start":{"line":76,"column":2},"end":{"line":88,"column":null}},"30":{"start":{"line":77,"column":16},"end":{"line":81,"column":null}},"31":{"start":{"line":82,"column":4},"end":{"line":82,"column":null}},"32":{"start":{"line":82,"column":17},"end":{"line":82,"column":null}},"33":{"start":{"line":83,"column":18},"end":{"line":83,"column":null}},"34":{"start":{"line":84,"column":4},"end":{"line":84,"column":null}},"35":{"start":{"line":85,"column":4},"end":{"line":85,"column":null}},"36":{"start":{"line":87,"column":4},"end":{"line":87,"column":null}},"37":{"start":{"line":92,"column":46},"end":{"line":92,"column":null}},"38":{"start":{"line":93,"column":47},"end":{"line":96,"column":null}},"39":{"start":{"line":97,"column":17},"end":{"line":97,"column":null}},"40":{"start":{"line":98,"column":2},"end":{"line":98,"column":null}},"41":{"start":{"line":98,"column":14},"end":{"line":98,"column":null}},"42":{"start":{"line":100,"column":14},"end":{"line":100,"column":null}},"43":{"start":{"line":101,"column":17},"end":{"line":101,"column":null}},"44":{"start":{"line":103,"column":2},"end":{"line":116,"column":null}},"45":{"start":{"line":104,"column":22},"end":{"line":104,"column":null}},"46":{"start":{"line":105,"column":4},"end":{"line":115,"column":null}},"47":{"start":{"line":106,"column":24},"end":{"line":106,"column":null}},"48":{"start":{"line":107,"column":6},"end":{"line":107,"column":null}},"49":{"start":{"line":107,"column":21},"end":{"line":107,"column":null}},"50":{"start":{"line":108,"column":6},"end":{"line":108,"column":null}},"51":{"start":{"line":110,"column":6},"end":{"line":110,"column":null}},"52":{"start":{"line":112,"column":6},"end":{"line":114,"column":null}},"53":{"start":{"line":113,"column":8},"end":{"line":113,"column":null}},"54":{"start":{"line":118,"column":2},"end":{"line":121,"column":null}},"55":{"start":{"line":119,"column":30},"end":{"line":119,"column":null}},"56":{"start":{"line":120,"column":4},"end":{"line":120,"column":null}},"57":{"start":{"line":122,"column":2},"end":{"line":122,"column":null}},"58":{"start":{"line":122,"column":31},"end":{"line":122,"column":null}},"59":{"start":{"line":123,"column":2},"end":{"line":123,"column":null}}},"fnMap":{"0":{"name":"getAccessToken","decl":{"start":{"line":17,"column":16},"end":{"line":17,"column":48}},"loc":{"start":{"line":17,"column":48},"end":{"line":19,"column":null}},"line":17},"1":{"name":"getRefreshToken","decl":{"start":{"line":21,"column":16},"end":{"line":21,"column":49}},"loc":{"start":{"line":21,"column":49},"end":{"line":23,"column":null}},"line":21},"2":{"name":"setTokens","decl":{"start":{"line":25,"column":16},"end":{"line":25,"column":26}},"loc":{"start":{"line":25,"column":65},"end":{"line":28,"column":null}},"line":25},"3":{"name":"clearTokens","decl":{"start":{"line":30,"column":16},"end":{"line":30,"column":36}},"loc":{"start":{"line":30,"column":36},"end":{"line":33,"column":null}},"line":30},"4":{"name":"(anonymous_4)","decl":{"start":{"line":38,"column":2},"end":{"line":38,"column":14}},"loc":{"start":{"line":38,"column":63},"end":{"line":42,"column":null}},"line":38},"5":{"name":"readError","decl":{"start":{"line":50,"column":15},"end":{"line":50,"column":25}},"loc":{"start":{"line":50,"column":90},"end":{"line":71,"column":null}},"line":50},"6":{"name":"tryRefresh","decl":{"start":{"line":73,"column":15},"end":{"line":73,"column":46}},"loc":{"start":{"line":73,"column":46},"end":{"line":89,"column":null}},"line":73},"7":{"name":"apiFetch","decl":{"start":{"line":91,"column":22},"end":{"line":91,"column":34}},"loc":{"start":{"line":91,"column":88},"end":{"line":124,"column":null}},"line":91}},"branchMap":{"0":{"loc":{"start":{"line":7,"column":18},"end":{"line":7,"column":59}},"type":"binary-expr","locations":[{"start":{"line":7,"column":18},"end":{"line":7,"column":50}},{"start":{"line":7,"column":50},"end":{"line":7,"column":59}}],"line":7},"1":{"loc":{"start":{"line":62,"column":2},"end":{"line":69,"column":null}},"type":"if","locations":[{"start":{"line":62,"column":2},"end":{"line":69,"column":null}},{"start":{"line":65,"column":2},"end":{"line":69,"column":null}}],"line":62},"2":{"loc":{"start":{"line":62,"column":6},"end":{"line":62,"column":89}},"type":"binary-expr","locations":[{"start":{"line":62,"column":6},"end":{"line":62,"column":14}},{"start":{"line":62,"column":14},"end":{"line":62,"column":42}},{"start":{"line":62,"column":42},"end":{"line":62,"column":89}}],"line":62},"3":{"loc":{"start":{"line":64,"column":14},"end":{"line":64,"column":null}},"type":"cond-expr","locations":[{"start":{"line":64,"column":43},"end":{"line":64,"column":52}},{"start":{"line":64,"column":52},"end":{"line":64,"column":null}}],"line":64},"4":{"loc":{"start":{"line":65,"column":2},"end":{"line":69,"column":null}},"type":"if","locations":[{"start":{"line":65,"column":2},"end":{"line":69,"column":null}},{"start":{"line":67,"column":9},"end":{"line":69,"column":null}}],"line":65},"5":{"loc":{"start":{"line":65,"column":13},"end":{"line":65,"column":58}},"type":"binary-expr","locations":[{"start":{"line":65,"column":13},"end":{"line":65,"column":41}},{"start":{"line":65,"column":41},"end":{"line":65,"column":58}}],"line":65},"6":{"loc":{"start":{"line":75,"column":2},"end":{"line":75,"column":null}},"type":"if","locations":[{"start":{"line":75,"column":2},"end":{"line":75,"column":null}},{"start":{},"end":{}}],"line":75},"7":{"loc":{"start":{"line":82,"column":4},"end":{"line":82,"column":null}},"type":"if","locations":[{"start":{"line":82,"column":4},"end":{"line":82,"column":null}},{"start":{},"end":{}}],"line":82},"8":{"loc":{"start":{"line":91,"column":48},"end":{"line":91,"column":88}},"type":"default-arg","locations":[{"start":{"line":91,"column":72},"end":{"line":91,"column":88}}],"line":91},"9":{"loc":{"start":{"line":98,"column":2},"end":{"line":98,"column":null}},"type":"if","locations":[{"start":{"line":98,"column":2},"end":{"line":98,"column":null}},{"start":{},"end":{}}],"line":98},"10":{"loc":{"start":{"line":100,"column":30},"end":{"line":100,"column":70}},"type":"cond-expr","locations":[{"start":{"line":100,"column":53},"end":{"line":100,"column":60}},{"start":{"line":100,"column":60},"end":{"line":100,"column":70}}],"line":100},"11":{"loc":{"start":{"line":103,"column":2},"end":{"line":116,"column":null}},"type":"if","locations":[{"start":{"line":103,"column":2},"end":{"line":116,"column":null}},{"start":{},"end":{}}],"line":103},"12":{"loc":{"start":{"line":103,"column":6},"end":{"line":103,"column":49}},"type":"binary-expr","locations":[{"start":{"line":103,"column":6},"end":{"line":103,"column":33}},{"start":{"line":103,"column":33},"end":{"line":103,"column":49}}],"line":103},"13":{"loc":{"start":{"line":105,"column":4},"end":{"line":115,"column":null}},"type":"if","locations":[{"start":{"line":105,"column":4},"end":{"line":115,"column":null}},{"start":{"line":109,"column":11},"end":{"line":115,"column":null}}],"line":105},"14":{"loc":{"start":{"line":107,"column":6},"end":{"line":107,"column":null}},"type":"if","locations":[{"start":{"line":107,"column":6},"end":{"line":107,"column":null}},{"start":{},"end":{}}],"line":107},"15":{"loc":{"start":{"line":112,"column":6},"end":{"line":114,"column":null}},"type":"if","locations":[{"start":{"line":112,"column":6},"end":{"line":114,"column":null}},{"start":{},"end":{}}],"line":112},"16":{"loc":{"start":{"line":118,"column":2},"end":{"line":121,"column":null}},"type":"if","locations":[{"start":{"line":118,"column":2},"end":{"line":121,"column":null}},{"start":{},"end":{}}],"line":118},"17":{"loc":{"start":{"line":122,"column":2},"end":{"line":122,"column":null}},"type":"if","locations":[{"start":{"line":122,"column":2},"end":{"line":122,"column":null}},{"start":{},"end":{}}],"line":122}},"s":{"0":5,"1":5,"2":5,"3":5,"4":38,"5":1,"6":5,"7":5,"8":2,"9":2,"10":5,"11":5,"12":5,"13":2,"14":2,"15":2,"16":1,"17":1,"18":0,"19":2,"20":1,"21":1,"22":1,"23":1,"24":0,"25":2,"26":0,"27":0,"28":0,"29":0,"30":0,"31":0,"32":0,"33":0,"34":0,"35":0,"36":0,"37":36,"38":36,"39":36,"40":36,"41":36,"42":36,"43":36,"44":36,"45":0,"46":0,"47":0,"48":0,"49":0,"50":0,"51":0,"52":0,"53":0,"54":36,"55":2,"56":2,"57":34,"58":4,"59":30},"f":{"0":38,"1":1,"2":5,"3":2,"4":5,"5":2,"6":0,"7":36},"b":{"0":[5,5],"1":[1,1],"2":[2,2,1],"3":[1,0],"4":[1,0],"5":[1,1],"6":[0,0],"7":[0,0],"8":[36],"9":[36,0],"10":[36,0],"11":[0,36],"12":[36,0],"13":[0,0],"14":[0,0],"15":[0,0],"16":[2,34],"17":[4,30]},"meta":{"lastBranch":18,"lastFunction":8,"lastStatement":60,"seen":{"s:7:18:7:Infinity":0,"b:7:18:7:50:7:50:7:59":0,"s:12:26:12:Infinity":1,"s:14:19:14:Infinity":2,"s:15:20:15:Infinity":3,"f:17:16:17:48":0,"s:18:2:18:Infinity":4,"f:21:16:21:49":1,"s:22:2:22:Infinity":5,"f:25:16:25:26":2,"s:26:2:26:Infinity":6,"s:27:2:27:Infinity":7,"f:30:16:30:36":3,"s:31:2:31:Infinity":8,"s:32:2:32:Infinity":9,"f:38:2:38:14":4,"s:39:4:39:Infinity":10,"s:40:4:40:Infinity":11,"s:41:4:41:Infinity":12,"f:50:15:50:25":5,"s:51:22:51:Infinity":13,"s:52:2:60:Infinity":14,"s:53:4:53:Infinity":15,"s:55:4:59:Infinity":16,"s:56:6:56:Infinity":17,"s:58:6:58:Infinity":18,"b:62:2:69:Infinity:65:2:69:Infinity":1,"s:62:2:69:Infinity":19,"b:62:6:62:14:62:14:62:42:62:42:62:89":2,"s:63:20:63:Infinity":20,"s:64:4:64:Infinity":21,"b:64:43:64:52:64:52:64:Infinity":3,"b:65:2:69:Infinity:67:9:69:Infinity":4,"s:65:2:69:Infinity":22,"b:65:13:65:41:65:41:65:58":5,"s:66:4:66:Infinity":23,"s:68:4:68:Infinity":24,"s:70:2:70:Infinity":25,"f:73:15:73:46":6,"s:74:18:74:Infinity":26,"b:75:2:75:Infinity:undefined:undefined:undefined:undefined":6,"s:75:2:75:Infinity":27,"s:75:16:75:Infinity":28,"s:76:2:88:Infinity":29,"s:77:16:81:Infinity":30,"b:82:4:82:Infinity:undefined:undefined:undefined:undefined":7,"s:82:4:82:Infinity":31,"s:82:17:82:Infinity":32,"s:83:18:83:Infinity":33,"s:84:4:84:Infinity":34,"s:85:4:85:Infinity":35,"s:87:4:87:Infinity":36,"f:91:22:91:34":7,"b:91:72:91:88":8,"s:92:46:92:Infinity":37,"s:93:47:96:Infinity":38,"s:97:17:97:Infinity":39,"b:98:2:98:Infinity:undefined:undefined:undefined:undefined":9,"s:98:2:98:Infinity":40,"s:98:14:98:Infinity":41,"s:100:14:100:Infinity":42,"b:100:53:100:60:100:60:100:70":10,"s:101:17:101:Infinity":43,"b:103:2:116:Infinity:undefined:undefined:undefined:undefined":11,"s:103:2:116:Infinity":44,"b:103:6:103:33:103:33:103:49":12,"s:104:22:104:Infinity":45,"b:105:4:115:Infinity:109:11:115:Infinity":13,"s:105:4:115:Infinity":46,"s:106:24:106:Infinity":47,"b:107:6:107:Infinity:undefined:undefined:undefined:undefined":14,"s:107:6:107:Infinity":48,"s:107:21:107:Infinity":49,"s:108:6:108:Infinity":50,"s:110:6:110:Infinity":51,"b:112:6:114:Infinity:undefined:undefined:undefined:undefined":15,"s:112:6:114:Infinity":52,"s:113:8:113:Infinity":53,"b:118:2:121:Infinity:undefined:undefined:undefined:undefined":16,"s:118:2:121:Infinity":54,"s:119:30:119:Infinity":55,"s:120:4:120:Infinity":56,"b:122:2:122:Infinity:undefined:undefined:undefined:undefined":17,"s:122:2:122:Infinity":57,"s:122:31:122:Infinity":58,"s:123:2:123:Infinity":59}}}
,"/Users/churka/crypto-dashboard/frontend/src/api/credentials.ts": {"path":"/Users/churka/crypto-dashboard/frontend/src/api/credentials.ts","statementMap":{"0":{"start":{"line":5,"column":2},"end":{"line":5,"column":null}},"1":{"start":{"line":9,"column":2},"end":{"line":12,"column":null}},"2":{"start":{"line":16,"column":2},"end":{"line":16,"column":null}}},"fnMap":{"0":{"name":"listCredentials","decl":{"start":{"line":4,"column":22},"end":{"line":4,"column":66}},"loc":{"start":{"line":4,"column":66},"end":{"line":6,"column":null}},"line":4},"1":{"name":"createCredential","decl":{"start":{"line":8,"column":22},"end":{"line":8,"column":39}},"loc":{"start":{"line":8,"column":83},"end":{"line":13,"column":null}},"line":8},"2":{"name":"deleteCredential","decl":{"start":{"line":15,"column":22},"end":{"line":15,"column":39}},"loc":{"start":{"line":15,"column":66},"end":{"line":17,"column":null}},"line":15}},"branchMap":{},"s":{"0":1,"1":1,"2":1},"f":{"0":1,"1":1,"2":1},"b":{},"meta":{"lastBranch":0,"lastFunction":3,"lastStatement":3,"seen":{"f:4:22:4:66":0,"s:5:2:5:Infinity":0,"f:8:22:8:39":1,"s:9:2:12:Infinity":1,"f:15:22:15:39":2,"s:16:2:16:Infinity":2}}}
,"/Users/churka/crypto-dashboard/frontend/src/api/exchanges.ts": {"path":"/Users/churka/crypto-dashboard/frontend/src/api/exchanges.ts","statementMap":{"0":{"start":{"line":5,"column":2},"end":{"line":5,"column":null}},"1":{"start":{"line":9,"column":2},"end":{"line":9,"column":null}}},"fnMap":{"0":{"name":"listSupportedExchanges","decl":{"start":{"line":4,"column":22},"end":{"line":4,"column":72}},"loc":{"start":{"line":4,"column":72},"end":{"line":6,"column":null}},"line":4},"1":{"name":"listExchangeSymbols","decl":{"start":{"line":8,"column":22},"end":{"line":8,"column":42}},"loc":{"start":{"line":8,"column":75},"end":{"line":10,"column":null}},"line":8}},"branchMap":{},"s":{"0":1,"1":2},"f":{"0":1,"1":2},"b":{},"meta":{"lastBranch":0,"lastFunction":2,"lastStatement":2,"seen":{"f:4:22:4:72":0,"s:5:2:5:Infinity":0,"f:8:22:8:42":1,"s:9:2:9:Infinity":1}}}
,"/Users/churka/crypto-dashboard/frontend/src/api/health.ts": {"path":"/Users/churka/crypto-dashboard/frontend/src/api/health.ts","statementMap":{"0":{"start":{"line":12,"column":14},"end":{"line":12,"column":null}},"1":{"start":{"line":13,"column":16},"end":{"line":13,"column":null}},"2":{"start":{"line":14,"column":2},"end":{"line":18,"column":null}}},"fnMap":{"0":{"name":"fetchHealth","decl":{"start":{"line":11,"column":22},"end":{"line":11,"column":59}},"loc":{"start":{"line":11,"column":59},"end":{"line":19,"column":null}},"line":11}},"branchMap":{"0":{"loc":{"start":{"line":15,"column":13},"end":{"line":15,"column":null}},"type":"binary-expr","locations":[{"start":{"line":15,"column":13},"end":{"line":15,"column":29}},{"start":{"line":15,"column":29},"end":{"line":15,"column":null}}],"line":15},"1":{"loc":{"start":{"line":16,"column":14},"end":{"line":16,"column":null}},"type":"binary-expr","locations":[{"start":{"line":16,"column":14},"end":{"line":16,"column":31}},{"start":{"line":16,"column":31},"end":{"line":16,"column":null}}],"line":16},"2":{"loc":{"start":{"line":17,"column":11},"end":{"line":17,"column":null}},"type":"binary-expr","locations":[{"start":{"line":17,"column":11},"end":{"line":17,"column":25}},{"start":{"line":17,"column":25},"end":{"line":17,"column":null}}],"line":17}},"s":{"0":2,"1":2,"2":2},"f":{"0":2},"b":{"0":[2,1],"1":[2,1],"2":[2,1]},"meta":{"lastBranch":3,"lastFunction":1,"lastStatement":3,"seen":{"f:11:22:11:59":0,"s:12:14:12:Infinity":0,"s:13:16:13:Infinity":1,"s:14:2:18:Infinity":2,"b:15:13:15:29:15:29:15:Infinity":0,"b:16:14:16:31:16:31:16:Infinity":1,"b:17:11:17:25:17:25:17:Infinity":2}}}
,"/Users/churka/crypto-dashboard/frontend/src/api/positions.ts": {"path":"/Users/churka/crypto-dashboard/frontend/src/api/positions.ts","statementMap":{"0":{"start":{"line":5,"column":2},"end":{"line":5,"column":null}}},"fnMap":{"0":{"name":"listPositions","decl":{"start":{"line":4,"column":22},"end":{"line":4,"column":36}},"loc":{"start":{"line":4,"column":82},"end":{"line":6,"column":null}},"line":4}},"branchMap":{},"s":{"0":1},"f":{"0":1},"b":{},"meta":{"lastBranch":0,"lastFunction":1,"lastStatement":1,"seen":{"f:4:22:4:36":0,"s:5:2:5:Infinity":0}}}
,"/Users/churka/crypto-dashboard/frontend/src/api/trades.ts": {"path":"/Users/churka/crypto-dashboard/frontend/src/api/trades.ts","statementMap":{"0":{"start":{"line":25,"column":13},"end":{"line":25,"column":null}},"1":{"start":{"line":26,"column":2},"end":{"line":26,"column":null}},"2":{"start":{"line":26,"column":21},"end":{"line":26,"column":null}},"3":{"start":{"line":27,"column":2},"end":{"line":27,"column":null}},"4":{"start":{"line":27,"column":34},"end":{"line":27,"column":null}},"5":{"start":{"line":28,"column":2},"end":{"line":28,"column":null}},"6":{"start":{"line":28,"column":19},"end":{"line":28,"column":null}},"7":{"start":{"line":29,"column":2},"end":{"line":29,"column":null}},"8":{"start":{"line":29,"column":17},"end":{"line":29,"column":null}},"9":{"start":{"line":30,"column":15},"end":{"line":30,"column":null}},"10":{"start":{"line":31,"column":2},"end":{"line":31,"column":null}}},"fnMap":{"0":{"name":"listTrades","decl":{"start":{"line":24,"column":22},"end":{"line":24,"column":33}},"loc":{"start":{"line":24,"column":85},"end":{"line":32,"column":null}},"line":24}},"branchMap":{"0":{"loc":{"start":{"line":24,"column":33},"end":{"line":24,"column":85}},"type":"default-arg","locations":[{"start":{"line":24,"column":60},"end":{"line":24,"column":85}}],"line":24},"1":{"loc":{"start":{"line":26,"column":2},"end":{"line":26,"column":null}},"type":"if","locations":[{"start":{"line":26,"column":2},"end":{"line":26,"column":null}},{"start":{},"end":{}}],"line":26},"2":{"loc":{"start":{"line":27,"column":2},"end":{"line":27,"column":null}},"type":"if","locations":[{"start":{"line":27,"column":2},"end":{"line":27,"column":null}},{"start":{},"end":{}}],"line":27},"3":{"loc":{"start":{"line":28,"column":2},"end":{"line":28,"column":null}},"type":"if","locations":[{"start":{"line":28,"column":2},"end":{"line":28,"column":null}},{"start":{},"end":{}}],"line":28},"4":{"loc":{"start":{"line":29,"column":2},"end":{"line":29,"column":null}},"type":"if","locations":[{"start":{"line":29,"column":2},"end":{"line":29,"column":null}},{"start":{},"end":{}}],"line":29},"5":{"loc":{"start":{"line":31,"column":44},"end":{"line":31,"column":66}},"type":"cond-expr","locations":[{"start":{"line":31,"column":51},"end":{"line":31,"column":64}},{"start":{"line":31,"column":64},"end":{"line":31,"column":66}}],"line":31}},"s":{"0":3,"1":3,"2":1,"3":3,"4":1,"5":3,"6":1,"7":3,"8":1,"9":3,"10":3},"f":{"0":3},"b":{"0":[3],"1":[1,2],"2":[1,2],"3":[1,2],"4":[1,2],"5":[2,1]},"meta":{"lastBranch":6,"lastFunction":1,"lastStatement":11,"seen":{"f:24:22:24:33":0,"b:24:60:24:85":0,"s:25:13:25:Infinity":0,"b:26:2:26:Infinity:undefined:undefined:undefined:undefined":1,"s:26:2:26:Infinity":1,"s:26:21:26:Infinity":2,"b:27:2:27:Infinity:undefined:undefined:undefined:undefined":2,"s:27:2:27:Infinity":3,"s:27:34:27:Infinity":4,"b:28:2:28:Infinity:undefined:undefined:undefined:undefined":3,"s:28:2:28:Infinity":5,"s:28:19:28:Infinity":6,"b:29:2:29:Infinity:undefined:undefined:undefined:undefined":4,"s:29:2:29:Infinity":7,"s:29:17:29:Infinity":8,"s:30:15:30:Infinity":9,"s:31:2:31:Infinity":10,"b:31:51:31:64:31:64:31:66":5}}}
,"/Users/churka/crypto-dashboard/frontend/src/api/types.ts": {"path":"/Users/churka/crypto-dashboard/frontend/src/api/types.ts","statementMap":{},"fnMap":{},"branchMap":{},"s":{},"f":{},"b":{},"meta":{"lastBranch":0,"lastFunction":0,"lastStatement":0,"seen":{}}}
,"/Users/churka/crypto-dashboard/frontend/src/app/components/dashboard/BalanceWidget.tsx": {"path":"/Users/churka/crypto-dashboard/frontend/src/app/components/dashboard/BalanceWidget.tsx","statementMap":{"0":{"start":{"line":9,"column":22},"end":{"line":9,"column":null}},"1":{"start":{"line":10,"column":24},"end":{"line":10,"column":null}},"2":{"start":{"line":12,"column":2},"end":{"line":33,"column":null}},"3":{"start":{"line":13,"column":20},"end":{"line":13,"column":null}},"4":{"start":{"line":14,"column":17},"end":{"line":26,"column":null}},"5":{"start":{"line":15,"column":6},"end":{"line":25,"column":null}},"6":{"start":{"line":17,"column":10},"end":{"line":17,"column":null}},"7":{"start":{"line":17,"column":25},"end":{"line":17,"column":null}},"8":{"start":{"line":18,"column":10},"end":{"line":18,"column":null}},"9":{"start":{"line":19,"column":10},"end":{"line":19,"column":null}},"10":{"start":{"line":22,"column":10},"end":{"line":22,"column":null}},"11":{"start":{"line":22,"column":25},"end":{"line":22,"column":null}},"12":{"start":{"line":23,"column":10},"end":{"line":23,"column":null}},"13":{"start":{"line":24,"column":10},"end":{"line":24,"column":null}},"14":{"start":{"line":27,"column":4},"end":{"line":27,"column":null}},"15":{"start":{"line":28,"column":14},"end":{"line":28,"column":null}},"16":{"start":{"line":29,"column":4},"end":{"line":32,"column":null}},"17":{"start":{"line":30,"column":6},"end":{"line":30,"column":null}},"18":{"start":{"line":31,"column":6},"end":{"line":31,"column":null}},"19":{"start":{"line":35,"column":17},"end":{"line":35,"column":null}},"20":{"start":{"line":36,"column":14},"end":{"line":36,"column":null}},"21":{"start":{"line":37,"column":19},"end":{"line":37,"column":null}},"22":{"start":{"line":39,"column":2},"end":{"line":107,"column":null}}},"fnMap":{"0":{"name":"BalanceWidget","decl":{"start":{"line":8,"column":16},"end":{"line":8,"column":32}},"loc":{"start":{"line":8,"column":32},"end":{"line":109,"column":null}},"line":8},"1":{"name":"(anonymous_1)","decl":{"start":{"line":12,"column":12},"end":{"line":12,"column":18}},"loc":{"start":{"line":12,"column":18},"end":{"line":33,"column":5}},"line":12},"2":{"name":"(anonymous_2)","decl":{"start":{"line":14,"column":17},"end":{"line":14,"column":23}},"loc":{"start":{"line":14,"column":23},"end":{"line":26,"column":null}},"line":14},"3":{"name":"(anonymous_3)","decl":{"start":{"line":16,"column":14},"end":{"line":16,"column":15}},"loc":{"start":{"line":16,"column":27},"end":{"line":20,"column":9}},"line":16},"4":{"name":"(anonymous_4)","decl":{"start":{"line":21,"column":15},"end":{"line":21,"column":16}},"loc":{"start":{"line":21,"column":24},"end":{"line":25,"column":9}},"line":21},"5":{"name":"(anonymous_5)","decl":{"start":{"line":29,"column":11},"end":{"line":29,"column":17}},"loc":{"start":{"line":29,"column":17},"end":{"line":32,"column":null}},"line":29}},"branchMap":{"0":{"loc":{"start":{"line":17,"column":10},"end":{"line":17,"column":null}},"type":"if","locations":[{"start":{"line":17,"column":10},"end":{"line":17,"column":null}},{"start":{},"end":{}}],"line":17},"1":{"loc":{"start":{"line":22,"column":10},"end":{"line":22,"column":null}},"type":"if","locations":[{"start":{"line":22,"column":10},"end":{"line":22,"column":null}},{"start":{},"end":{}}],"line":22},"2":{"loc":{"start":{"line":23,"column":19},"end":{"line":23,"column":80}},"type":"cond-expr","locations":[{"start":{"line":23,"column":49},"end":{"line":23,"column":63}},{"start":{"line":23,"column":63},"end":{"line":23,"column":80}}],"line":23},"3":{"loc":{"start":{"line":35,"column":17},"end":{"line":35,"column":null}},"type":"cond-expr","locations":[{"start":{"line":35,"column":24},"end":{"line":35,"column":56}},{"start":{"line":35,"column":56},"end":{"line":35,"column":null}}],"line":35},"4":{"loc":{"start":{"line":36,"column":14},"end":{"line":36,"column":null}},"type":"cond-expr","locations":[{"start":{"line":36,"column":21},"end":{"line":36,"column":49}},{"start":{"line":36,"column":49},"end":{"line":36,"column":null}}],"line":36},"5":{"loc":{"start":{"line":37,"column":19},"end":{"line":37,"column":null}},"type":"binary-expr","locations":[{"start":{"line":37,"column":19},"end":{"line":37,"column":43}},{"start":{"line":37,"column":43},"end":{"line":37,"column":null}}],"line":37},"6":{"loc":{"start":{"line":46,"column":9},"end":{"line":104,"column":null}},"type":"cond-expr","locations":[{"start":{"line":47,"column":10},"end":{"line":49,"column":null}},{"start":{"line":51,"column":10},"end":{"line":104,"column":null}}],"line":46},"7":{"loc":{"start":{"line":46,"column":9},"end":{"line":46,"column":null}},"type":"binary-expr","locations":[{"start":{"line":46,"column":9},"end":{"line":46,"column":26}},{"start":{"line":46,"column":26},"end":{"line":46,"column":null}}],"line":46},"8":{"loc":{"start":{"line":56,"column":23},"end":{"line":56,"column":null}},"type":"cond-expr","locations":[{"start":{"line":56,"column":31},"end":{"line":56,"column":49}},{"start":{"line":56,"column":49},"end":{"line":56,"column":null}}],"line":56},"9":{"loc":{"start":{"line":58,"column":17},"end":{"line":58,"column":null}},"type":"cond-expr","locations":[{"start":{"line":58,"column":35},"end":{"line":58,"column":55}},{"start":{"line":58,"column":55},"end":{"line":58,"column":null}}],"line":58},"10":{"loc":{"start":{"line":64,"column":13},"end":{"line":72,"column":null}},"type":"cond-expr","locations":[{"start":{"line":65,"column":14},"end":{"line":67,"column":null}},{"start":{"line":69,"column":14},"end":{"line":72,"column":null}}],"line":64},"11":{"loc":{"start":{"line":83,"column":20},"end":{"line":87,"column":null}},"type":"cond-expr","locations":[{"start":{"line":84,"column":24},"end":{"line":84,"column":null}},{"start":{"line":85,"column":24},"end":{"line":87,"column":null}}],"line":83},"12":{"loc":{"start":{"line":83,"column":20},"end":{"line":83,"column":null}},"type":"binary-expr","locations":[{"start":{"line":83,"column":20},"end":{"line":83,"column":36}},{"start":{"line":83,"column":36},"end":{"line":83,"column":null}}],"line":83},"13":{"loc":{"start":{"line":85,"column":24},"end":{"line":87,"column":null}},"type":"cond-expr","locations":[{"start":{"line":86,"column":26},"end":{"line":86,"column":null}},{"start":{"line":87,"column":26},"end":{"line":87,"column":null}}],"line":85},"14":{"loc":{"start":{"line":90,"column":19},"end":{"line":92,"column":null}},"type":"cond-expr","locations":[{"start":{"line":91,"column":22},"end":{"line":91,"column":null}},{"start":{"line":92,"column":22},"end":{"line":92,"column":null}}],"line":90},"15":{"loc":{"start":{"line":91,"column":25},"end":{"line":91,"column":44}},"type":"cond-expr","locations":[{"start":{"line":91,"column":36},"end":{"line":91,"column":42}},{"start":{"line":91,"column":42},"end":{"line":91,"column":44}}],"line":91},"16":{"loc":{"start":{"line":100,"column":19},"end":{"line":100,"column":null}},"type":"cond-expr","locations":[{"start":{"line":100,"column":39},"end":{"line":100,"column":50}},{"start":{"line":100,"column":50},"end":{"line":100,"column":null}}],"line":100}},"s":{"0":15,"1":15,"2":15,"3":9,"4":9,"5":9,"6":4,"7":0,"8":4,"9":4,"10":2,"11":0,"12":2,"13":2,"14":9,"15":9,"16":9,"17":9,"18":9,"19":15,"20":15,"21":15,"22":15},"f":{"0":15,"1":9,"2":9,"3":4,"4":2,"5":9},"b":{"0":[0,4],"1":[0,2],"2":[1,1],"3":[4,11],"4":[4,11],"5":[15,11],"6":[9,6],"7":[15,11],"8":[2,4],"9":[4,2],"10":[2,4],"11":[2,4],"12":[6,4],"13":[3,1],"14":[4,2],"15":[3,1],"16":[4,2]},"meta":{"lastBranch":17,"lastFunction":6,"lastStatement":23,"seen":{"f:8:16:8:32":0,"s:9:22:9:Infinity":0,"s:10:24:10:Infinity":1,"s:12:2:33:Infinity":2,"f:12:12:12:18":1,"s:13:20:13:Infinity":3,"s:14:17:26:Infinity":4,"f:14:17:14:23":2,"s:15:6:25:Infinity":5,"f:16:14:16:15":3,"b:17:10:17:Infinity:undefined:undefined:undefined:undefined":0,"s:17:10:17:Infinity":6,"s:17:25:17:Infinity":7,"s:18:10:18:Infinity":8,"s:19:10:19:Infinity":9,"f:21:15:21:16":4,"b:22:10:22:Infinity:undefined:undefined:undefined:undefined":1,"s:22:10:22:Infinity":10,"s:22:25:22:Infinity":11,"s:23:10:23:Infinity":12,"b:23:49:23:63:23:63:23:80":2,"s:24:10:24:Infinity":13,"s:27:4:27:Infinity":14,"s:28:14:28:Infinity":15,"s:29:4:32:Infinity":16,"f:29:11:29:17":5,"s:30:6:30:Infinity":17,"s:31:6:31:Infinity":18,"s:35:17:35:Infinity":19,"b:35:24:35:56:35:56:35:Infinity":3,"s:36:14:36:Infinity":20,"b:36:21:36:49:36:49:36:Infinity":4,"s:37:19:37:Infinity":21,"b:37:19:37:43:37:43:37:Infinity":5,"s:39:2:107:Infinity":22,"b:47:10:49:Infinity:51:10:104:Infinity":6,"b:46:9:46:26:46:26:46:Infinity":7,"b:56:31:56:49:56:49:56:Infinity":8,"b:58:35:58:55:58:55:58:Infinity":9,"b:65:14:67:Infinity:69:14:72:Infinity":10,"b:84:24:84:Infinity:85:24:87:Infinity":11,"b:83:20:83:36:83:36:83:Infinity":12,"b:86:26:86:Infinity:87:26:87:Infinity":13,"b:91:22:91:Infinity:92:22:92:Infinity":14,"b:91:36:91:42:91:42:91:44":15,"b:100:39:100:50:100:50:100:Infinity":16}}}
,"/Users/churka/crypto-dashboard/frontend/src/app/components/dashboard/ChartWidget.tsx": {"path":"/Users/churka/crypto-dashboard/frontend/src/app/components/dashboard/ChartWidget.tsx","statementMap":{"0":{"start":{"line":28,"column":16},"end":{"line":28,"column":null}},"1":{"start":{"line":29,"column":19},"end":{"line":29,"column":null}},"2":{"start":{"line":37,"column":12},"end":{"line":37,"column":null}},"3":{"start":{"line":38,"column":2},"end":{"line":40,"column":null}},"4":{"start":{"line":39,"column":4},"end":{"line":39,"column":null}},"5":{"start":{"line":41,"column":2},"end":{"line":41,"column":null}},"6":{"start":{"line":45,"column":26},"end":{"line":45,"column":null}},"7":{"start":{"line":46,"column":32},"end":{"line":46,"column":null}},"8":{"start":{"line":47,"column":28},"end":{"line":47,"column":null}},"9":{"start":{"line":48,"column":28},"end":{"line":48,"column":null}},"10":{"start":{"line":49,"column":24},"end":{"line":49,"column":null}},"11":{"start":{"line":51,"column":2},"end":{"line":72,"column":null}},"12":{"start":{"line":52,"column":20},"end":{"line":52,"column":null}},"13":{"start":{"line":53,"column":4},"end":{"line":53,"column":null}},"14":{"start":{"line":54,"column":4},"end":{"line":54,"column":null}},"15":{"start":{"line":55,"column":4},"end":{"line":68,"column":null}},"16":{"start":{"line":57,"column":8},"end":{"line":57,"column":null}},"17":{"start":{"line":57,"column":23},"end":{"line":57,"column":null}},"18":{"start":{"line":58,"column":8},"end":{"line":58,"column":null}},"19":{"start":{"line":59,"column":8},"end":{"line":59,"column":null}},"20":{"start":{"line":62,"column":8},"end":{"line":62,"column":null}},"21":{"start":{"line":62,"column":23},"end":{"line":62,"column":null}},"22":{"start":{"line":63,"column":8},"end":{"line":65,"column":null}},"23":{"start":{"line":66,"column":8},"end":{"line":66,"column":null}},"24":{"start":{"line":67,"column":8},"end":{"line":67,"column":null}},"25":{"start":{"line":69,"column":4},"end":{"line":71,"column":null}},"26":{"start":{"line":70,"column":6},"end":{"line":70,"column":null}},"27":{"start":{"line":75,"column":4},"end":{"line":78,"column":null}},"28":{"start":{"line":75,"column":25},"end":{"line":78,"column":6}},"29":{"start":{"line":81,"column":4},"end":{"line":81,"column":null}},"30":{"start":{"line":83,"column":2},"end":{"line":220,"column":null}},"31":{"start":{"line":106,"column":33},"end":{"line":106,"column":null}},"32":{"start":{"line":110,"column":18},"end":{"line":112,"column":null}},"33":{"start":{"line":126,"column":16},"end":{"line":135,"column":null}},"34":{"start":{"line":131,"column":33},"end":{"line":131,"column":null}},"35":{"start":{"line":194,"column":48},"end":{"line":194,"column":null}},"36":{"start":{"line":201,"column":48},"end":{"line":201,"column":null}},"37":{"start":{"line":204,"column":49},"end":{"line":204,"column":null}},"38":{"start":{"line":205,"column":44},"end":{"line":205,"column":null}}},"fnMap":{"0":{"name":"formatTimestamp","decl":{"start":{"line":36,"column":9},"end":{"line":36,"column":25}},"loc":{"start":{"line":36,"column":58},"end":{"line":42,"column":null}},"line":36},"1":{"name":"ChartWidget","decl":{"start":{"line":44,"column":16},"end":{"line":44,"column":30}},"loc":{"start":{"line":44,"column":30},"end":{"line":222,"column":null}},"line":44},"2":{"name":"(anonymous_2)","decl":{"start":{"line":51,"column":12},"end":{"line":51,"column":18}},"loc":{"start":{"line":51,"column":18},"end":{"line":72,"column":5}},"line":51},"3":{"name":"(anonymous_3)","decl":{"start":{"line":56,"column":12},"end":{"line":56,"column":13}},"loc":{"start":{"line":56,"column":22},"end":{"line":60,"column":7}},"line":56},"4":{"name":"(anonymous_4)","decl":{"start":{"line":61,"column":13},"end":{"line":61,"column":14}},"loc":{"start":{"line":61,"column":22},"end":{"line":68,"column":7}},"line":61},"5":{"name":"(anonymous_5)","decl":{"start":{"line":69,"column":11},"end":{"line":69,"column":17}},"loc":{"start":{"line":69,"column":17},"end":{"line":71,"column":null}},"line":69},"6":{"name":"(anonymous_6)","decl":{"start":{"line":75,"column":17},"end":{"line":75,"column":18}},"loc":{"start":{"line":75,"column":25},"end":{"line":78,"column":6}},"line":75},"7":{"name":"(anonymous_7)","decl":{"start":{"line":106,"column":26},"end":{"line":106,"column":27}},"loc":{"start":{"line":106,"column":33},"end":{"line":106,"column":null}},"line":106},"8":{"name":"(anonymous_8)","decl":{"start":{"line":109,"column":29},"end":{"line":109,"column":30}},"loc":{"start":{"line":110,"column":18},"end":{"line":112,"column":null}},"line":110},"9":{"name":"(anonymous_9)","decl":{"start":{"line":125,"column":30},"end":{"line":125,"column":31}},"loc":{"start":{"line":126,"column":16},"end":{"line":135,"column":null}},"line":126},"10":{"name":"(anonymous_10)","decl":{"start":{"line":131,"column":27},"end":{"line":131,"column":33}},"loc":{"start":{"line":131,"column":33},"end":{"line":131,"column":null}},"line":131},"11":{"name":"(anonymous_11)","decl":{"start":{"line":194,"column":33},"end":{"line":194,"column":34}},"loc":{"start":{"line":194,"column":48},"end":{"line":194,"column":null}},"line":194},"12":{"name":"(anonymous_12)","decl":{"start":{"line":201,"column":33},"end":{"line":201,"column":34}},"loc":{"start":{"line":201,"column":48},"end":{"line":201,"column":null}},"line":201},"13":{"name":"(anonymous_13)","decl":{"start":{"line":204,"column":34},"end":{"line":204,"column":35}},"loc":{"start":{"line":204,"column":49},"end":{"line":204,"column":null}},"line":204},"14":{"name":"(anonymous_14)","decl":{"start":{"line":205,"column":29},"end":{"line":205,"column":30}},"loc":{"start":{"line":205,"column":44},"end":{"line":205,"column":null}},"line":205}},"branchMap":{"0":{"loc":{"start":{"line":38,"column":2},"end":{"line":40,"column":null}},"type":"if","locations":[{"start":{"line":38,"column":2},"end":{"line":40,"column":null}},{"start":{},"end":{}}],"line":38},"1":{"loc":{"start":{"line":38,"column":6},"end":{"line":38,"column":34}},"type":"binary-expr","locations":[{"start":{"line":38,"column":6},"end":{"line":38,"column":21}},{"start":{"line":38,"column":21},"end":{"line":38,"column":34}}],"line":38},"2":{"loc":{"start":{"line":57,"column":8},"end":{"line":57,"column":null}},"type":"if","locations":[{"start":{"line":57,"column":8},"end":{"line":57,"column":null}},{"start":{},"end":{}}],"line":57},"3":{"loc":{"start":{"line":62,"column":8},"end":{"line":62,"column":null}},"type":"if","locations":[{"start":{"line":62,"column":8},"end":{"line":62,"column":null}},{"start":{},"end":{}}],"line":62},"4":{"loc":{"start":{"line":64,"column":10},"end":{"line":64,"column":null}},"type":"cond-expr","locations":[{"start":{"line":64,"column":40},"end":{"line":64,"column":54}},{"start":{"line":64,"column":54},"end":{"line":64,"column":null}}],"line":64},"5":{"loc":{"start":{"line":75,"column":4},"end":{"line":78,"column":null}},"type":"binary-expr","locations":[{"start":{"line":75,"column":4},"end":{"line":78,"column":11}},{"start":{"line":78,"column":11},"end":{"line":78,"column":null}}],"line":75},"6":{"loc":{"start":{"line":81,"column":4},"end":{"line":81,"column":null}},"type":"cond-expr","locations":[{"start":{"line":81,"column":27},"end":{"line":81,"column":67}},{"start":{"line":81,"column":67},"end":{"line":81,"column":null}}],"line":81},"7":{"loc":{"start":{"line":129,"column":27},"end":{"line":129,"column":null}},"type":"cond-expr","locations":[{"start":{"line":129,"column":46},"end":{"line":129,"column":60}},{"start":{"line":129,"column":60},"end":{"line":129,"column":null}}],"line":129},"8":{"loc":{"start":{"line":130,"column":25},"end":{"line":130,"column":null}},"type":"cond-expr","locations":[{"start":{"line":130,"column":44},"end":{"line":130,"column":56}},{"start":{"line":130,"column":56},"end":{"line":130,"column":null}}],"line":130},"9":{"loc":{"start":{"line":139,"column":11},"end":{"line":142,"column":null}},"type":"binary-expr","locations":[{"start":{"line":139,"column":11},"end":{"line":139,"column":null}},{"start":{"line":140,"column":12},"end":{"line":142,"column":null}}],"line":139},"10":{"loc":{"start":{"line":147,"column":11},"end":{"line":216,"column":null}},"type":"cond-expr","locations":[{"start":{"line":148,"column":12},"end":{"line":157,"column":null}},{"start":{"line":158,"column":14},"end":{"line":216,"column":null}}],"line":147},"11":{"loc":{"start":{"line":158,"column":14},"end":{"line":216,"column":null}},"type":"cond-expr","locations":[{"start":{"line":159,"column":12},"end":{"line":170,"column":null}},{"start":{"line":171,"column":14},"end":{"line":216,"column":null}}],"line":158},"12":{"loc":{"start":{"line":171,"column":14},"end":{"line":216,"column":null}},"type":"cond-expr","locations":[{"start":{"line":172,"column":12},"end":{"line":187,"column":null}},{"start":{"line":189,"column":12},"end":{"line":216,"column":null}}],"line":171}},"s":{"0":2,"1":2,"2":187,"3":187,"4":0,"5":187,"6":37,"7":37,"8":37,"9":37,"10":37,"11":37,"12":13,"13":13,"14":13,"15":13,"16":8,"17":0,"18":8,"19":8,"20":2,"21":0,"22":2,"23":2,"24":2,"25":13,"26":13,"27":37,"28":61,"29":37,"30":37,"31":1,"32":144,"33":216,"34":1,"35":185,"36":180,"37":2,"38":0},"f":{"0":187,"1":37,"2":13,"3":8,"4":2,"5":13,"6":61,"7":1,"8":144,"9":216,"10":1,"11":185,"12":180,"13":2,"14":0},"b":{"0":[0,187],"1":[187,187],"2":[0,8],"3":[0,2],"4":[1,1],"5":[37,24],"6":[11,25],"7":[36,180],"8":[36,180],"9":[37,11],"10":[13,23],"11":[2,21],"12":[12,9]},"meta":{"lastBranch":13,"lastFunction":15,"lastStatement":39,"seen":{"s:28:16:28:Infinity":0,"s:29:19:29:Infinity":1,"f:36:9:36:25":0,"s:37:12:37:Infinity":2,"b:38:2:40:Infinity:undefined:undefined:undefined:undefined":0,"s:38:2:40:Infinity":3,"b:38:6:38:21:38:21:38:34":1,"s:39:4:39:Infinity":4,"s:41:2:41:Infinity":5,"f:44:16:44:30":1,"s:45:26:45:Infinity":6,"s:46:32:46:Infinity":7,"s:47:28:47:Infinity":8,"s:48:28:48:Infinity":9,"s:49:24:49:Infinity":10,"s:51:2:72:Infinity":11,"f:51:12:51:18":2,"s:52:20:52:Infinity":12,"s:53:4:53:Infinity":13,"s:54:4:54:Infinity":14,"s:55:4:68:Infinity":15,"f:56:12:56:13":3,"b:57:8:57:Infinity:undefined:undefined:undefined:undefined":2,"s:57:8:57:Infinity":16,"s:57:23:57:Infinity":17,"s:58:8:58:Infinity":18,"s:59:8:59:Infinity":19,"f:61:13:61:14":4,"b:62:8:62:Infinity:undefined:undefined:undefined:undefined":3,"s:62:8:62:Infinity":20,"s:62:23:62:Infinity":21,"s:63:8:65:Infinity":22,"b:64:40:64:54:64:54:64:Infinity":4,"s:66:8:66:Infinity":23,"s:67:8:67:Infinity":24,"s:69:4:71:Infinity":25,"f:69:11:69:17":5,"s:70:6:70:Infinity":26,"s:75:4:78:Infinity":27,"b:75:4:78:11:78:11:78:Infinity":5,"f:75:17:75:18":6,"s:75:25:78:6":28,"s:81:4:81:Infinity":29,"b:81:27:81:67:81:67:81:Infinity":6,"s:83:2:220:Infinity":30,"f:106:26:106:27":7,"s:106:33:106:Infinity":31,"f:109:29:109:30":8,"s:110:18:112:Infinity":32,"f:125:30:125:31":9,"s:126:16:135:Infinity":33,"b:129:46:129:60:129:60:129:Infinity":7,"b:130:44:130:56:130:56:130:Infinity":8,"f:131:27:131:33":10,"s:131:33:131:Infinity":34,"b:139:11:139:Infinity:140:12:142:Infinity":9,"b:148:12:157:Infinity:158:14:216:Infinity":10,"b:159:12:170:Infinity:171:14:216:Infinity":11,"b:172:12:187:Infinity:189:12:216:Infinity":12,"f:194:33:194:34":11,"s:194:48:194:Infinity":35,"f:201:33:201:34":12,"s:201:48:201:Infinity":36,"f:204:34:204:35":13,"s:204:49:204:Infinity":37,"f:205:29:205:30":14,"s:205:44:205:Infinity":38}}}
,"/Users/churka/crypto-dashboard/frontend/src/app/components/dashboard/EngineStatusWidget.tsx": {"path":"/Users/churka/crypto-dashboard/frontend/src/app/components/dashboard/EngineStatusWidget.tsx","statementMap":{"0":{"start":{"line":25,"column":2},"end":{"line":41,"column":null}},"1":{"start":{"line":46,"column":2},"end":{"line":46,"column":null}},"2":{"start":{"line":46,"column":22},"end":{"line":46,"column":null}},"3":{"start":{"line":47,"column":2},"end":{"line":47,"column":null}},"4":{"start":{"line":47,"column":37},"end":{"line":47,"column":null}},"5":{"start":{"line":48,"column":2},"end":{"line":48,"column":null}},"6":{"start":{"line":58,"column":4},"end":{"line":62,"column":null}},"7":{"start":{"line":63,"column":15},"end":{"line":63,"column":null}},"8":{"start":{"line":64,"column":2},"end":{"line":79,"column":null}},"9":{"start":{"line":84,"column":26},"end":{"line":84,"column":null}},"10":{"start":{"line":85,"column":22},"end":{"line":85,"column":null}},"11":{"start":{"line":87,"column":2},"end":{"line":101,"column":null}},"12":{"start":{"line":88,"column":20},"end":{"line":88,"column":null}},"13":{"start":{"line":89,"column":17},"end":{"line":94,"column":null}},"14":{"start":{"line":90,"column":22},"end":{"line":90,"column":null}},"15":{"start":{"line":91,"column":6},"end":{"line":91,"column":null}},"16":{"start":{"line":91,"column":21},"end":{"line":91,"column":null}},"17":{"start":{"line":92,"column":6},"end":{"line":92,"column":null}},"18":{"start":{"line":92,"column":36},"end":{"line":92,"column":null}},"19":{"start":{"line":93,"column":6},"end":{"line":93,"column":null}},"20":{"start":{"line":93,"column":37},"end":{"line":93,"column":null}},"21":{"start":{"line":95,"column":4},"end":{"line":95,"column":null}},"22":{"start":{"line":96,"column":14},"end":{"line":96,"column":null}},"23":{"start":{"line":96,"column":32},"end":{"line":96,"column":45}},"24":{"start":{"line":97,"column":4},"end":{"line":100,"column":null}},"25":{"start":{"line":98,"column":6},"end":{"line":98,"column":null}},"26":{"start":{"line":99,"column":6},"end":{"line":99,"column":null}},"27":{"start":{"line":103,"column":8},"end":{"line":106,"column":null}},"28":{"start":{"line":104,"column":4},"end":{"line":104,"column":null}},"29":{"start":{"line":104,"column":37},"end":{"line":104,"column":59}},"30":{"start":{"line":107,"column":8},"end":{"line":107,"column":null}},"31":{"start":{"line":107,"column":51},"end":{"line":107,"column":74}},"32":{"start":{"line":108,"column":8},"end":{"line":108,"column":null}},"33":{"start":{"line":108,"column":48},"end":{"line":108,"column":68}},"34":{"start":{"line":110,"column":23},"end":{"line":110,"column":null}},"35":{"start":{"line":111,"column":18},"end":{"line":111,"column":null}},"36":{"start":{"line":112,"column":21},"end":{"line":112,"column":null}},"37":{"start":{"line":115,"column":4},"end":{"line":115,"column":null}},"38":{"start":{"line":117,"column":2},"end":{"line":244,"column":null}},"39":{"start":{"line":213,"column":16},"end":{"line":225,"column":null}}},"fnMap":{"0":{"name":"CounterBox","decl":{"start":{"line":24,"column":9},"end":{"line":24,"column":20}},"loc":{"start":{"line":24,"column":62},"end":{"line":43,"column":null}},"line":24},"1":{"name":"healthState","decl":{"start":{"line":45,"column":9},"end":{"line":45,"column":21}},"loc":{"start":{"line":45,"column":75},"end":{"line":49,"column":null}},"line":45},"2":{"name":"HealthRow","decl":{"start":{"line":56,"column":9},"end":{"line":56,"column":19}},"loc":{"start":{"line":56,"column":53},"end":{"line":81,"column":null}},"line":56},"3":{"name":"EngineStatusWidget","decl":{"start":{"line":83,"column":16},"end":{"line":83,"column":37}},"loc":{"start":{"line":83,"column":37},"end":{"line":246,"column":null}},"line":83},"4":{"name":"(anonymous_4)","decl":{"start":{"line":87,"column":12},"end":{"line":87,"column":18}},"loc":{"start":{"line":87,"column":18},"end":{"line":101,"column":5}},"line":87},"5":{"name":"(anonymous_5)","decl":{"start":{"line":89,"column":17},"end":{"line":89,"column":29}},"loc":{"start":{"line":89,"column":29},"end":{"line":94,"column":null}},"line":89},"6":{"name":"(anonymous_6)","decl":{"start":{"line":96,"column":26},"end":{"line":96,"column":32}},"loc":{"start":{"line":96,"column":32},"end":{"line":96,"column":45}},"line":96},"7":{"name":"(anonymous_7)","decl":{"start":{"line":97,"column":11},"end":{"line":97,"column":17}},"loc":{"start":{"line":97,"column":17},"end":{"line":100,"column":null}},"line":97},"8":{"name":"(anonymous_8)","decl":{"start":{"line":104,"column":4},"end":{"line":104,"column":11}},"loc":{"start":{"line":104,"column":4},"end":{"line":104,"column":null}},"line":104},"9":{"name":"(anonymous_9)","decl":{"start":{"line":104,"column":30},"end":{"line":104,"column":31}},"loc":{"start":{"line":104,"column":37},"end":{"line":104,"column":59}},"line":104},"10":{"name":"(anonymous_10)","decl":{"start":{"line":107,"column":44},"end":{"line":107,"column":45}},"loc":{"start":{"line":107,"column":51},"end":{"line":107,"column":74}},"line":107},"11":{"name":"(anonymous_11)","decl":{"start":{"line":108,"column":41},"end":{"line":108,"column":42}},"loc":{"start":{"line":108,"column":48},"end":{"line":108,"column":68}},"line":108},"12":{"name":"(anonymous_12)","decl":{"start":{"line":212,"column":43},"end":{"line":212,"column":44}},"loc":{"start":{"line":213,"column":16},"end":{"line":225,"column":null}},"line":213}},"branchMap":{"0":{"loc":{"start":{"line":35,"column":53},"end":{"line":35,"column":null}},"type":"cond-expr","locations":[{"start":{"line":35,"column":61},"end":{"line":35,"column":73}},{"start":{"line":35,"column":73},"end":{"line":35,"column":null}}],"line":35},"1":{"loc":{"start":{"line":46,"column":2},"end":{"line":46,"column":null}},"type":"if","locations":[{"start":{"line":46,"column":2},"end":{"line":46,"column":null}},{"start":{},"end":{}}],"line":46},"2":{"loc":{"start":{"line":47,"column":2},"end":{"line":47,"column":null}},"type":"if","locations":[{"start":{"line":47,"column":2},"end":{"line":47,"column":null}},{"start":{},"end":{}}],"line":47},"3":{"loc":{"start":{"line":47,"column":6},"end":{"line":47,"column":37}},"type":"binary-expr","locations":[{"start":{"line":47,"column":6},"end":{"line":47,"column":16}},{"start":{"line":47,"column":16},"end":{"line":47,"column":37}}],"line":47},"4":{"loc":{"start":{"line":58,"column":4},"end":{"line":62,"column":null}},"type":"cond-expr","locations":[{"start":{"line":59,"column":8},"end":{"line":59,"column":null}},{"start":{"line":60,"column":8},"end":{"line":62,"column":null}}],"line":58},"5":{"loc":{"start":{"line":60,"column":8},"end":{"line":62,"column":null}},"type":"cond-expr","locations":[{"start":{"line":61,"column":10},"end":{"line":61,"column":null}},{"start":{"line":62,"column":10},"end":{"line":62,"column":null}}],"line":60},"6":{"loc":{"start":{"line":63,"column":15},"end":{"line":63,"column":null}},"type":"cond-expr","locations":[{"start":{"line":63,"column":32},"end":{"line":63,"column":39}},{"start":{"line":63,"column":39},"end":{"line":63,"column":null}}],"line":63},"7":{"loc":{"start":{"line":63,"column":39},"end":{"line":63,"column":null}},"type":"cond-expr","locations":[{"start":{"line":63,"column":58},"end":{"line":63,"column":67}},{"start":{"line":63,"column":67},"end":{"line":63,"column":null}}],"line":63},"8":{"loc":{"start":{"line":91,"column":6},"end":{"line":91,"column":null}},"type":"if","locations":[{"start":{"line":91,"column":6},"end":{"line":91,"column":null}},{"start":{},"end":{}}],"line":91},"9":{"loc":{"start":{"line":92,"column":6},"end":{"line":92,"column":null}},"type":"if","locations":[{"start":{"line":92,"column":6},"end":{"line":92,"column":null}},{"start":{},"end":{}}],"line":92},"10":{"loc":{"start":{"line":93,"column":6},"end":{"line":93,"column":null}},"type":"if","locations":[{"start":{"line":93,"column":6},"end":{"line":93,"column":null}},{"start":{},"end":{}}],"line":93},"11":{"loc":{"start":{"line":104,"column":11},"end":{"line":104,"column":23}},"type":"binary-expr","locations":[{"start":{"line":104,"column":11},"end":{"line":104,"column":19}},{"start":{"line":104,"column":19},"end":{"line":104,"column":23}}],"line":104},"12":{"loc":{"start":{"line":107,"column":25},"end":{"line":107,"column":37}},"type":"binary-expr","locations":[{"start":{"line":107,"column":25},"end":{"line":107,"column":33}},{"start":{"line":107,"column":33},"end":{"line":107,"column":37}}],"line":107},"13":{"loc":{"start":{"line":108,"column":22},"end":{"line":108,"column":34}},"type":"binary-expr","locations":[{"start":{"line":108,"column":22},"end":{"line":108,"column":30}},{"start":{"line":108,"column":30},"end":{"line":108,"column":34}}],"line":108},"14":{"loc":{"start":{"line":115,"column":4},"end":{"line":115,"column":null}},"type":"binary-expr","locations":[{"start":{"line":115,"column":4},"end":{"line":115,"column":29}},{"start":{"line":115,"column":29},"end":{"line":115,"column":49}},{"start":{"line":115,"column":49},"end":{"line":115,"column":null}}],"line":115},"15":{"loc":{"start":{"line":142,"column":16},"end":{"line":146,"column":null}},"type":"cond-expr","locations":[{"start":{"line":143,"column":20},"end":{"line":143,"column":null}},{"start":{"line":144,"column":20},"end":{"line":146,"column":null}}],"line":142},"16":{"loc":{"start":{"line":144,"column":20},"end":{"line":146,"column":null}},"type":"cond-expr","locations":[{"start":{"line":145,"column":22},"end":{"line":145,"column":null}},{"start":{"line":146,"column":22},"end":{"line":146,"column":null}}],"line":144},"17":{"loc":{"start":{"line":158,"column":17},"end":{"line":162,"column":null}},"type":"cond-expr","locations":[{"start":{"line":159,"column":20},"end":{"line":159,"column":null}},{"start":{"line":160,"column":20},"end":{"line":162,"column":null}}],"line":158},"18":{"loc":{"start":{"line":160,"column":20},"end":{"line":162,"column":null}},"type":"cond-expr","locations":[{"start":{"line":161,"column":22},"end":{"line":161,"column":null}},{"start":{"line":162,"column":22},"end":{"line":162,"column":null}}],"line":160},"19":{"loc":{"start":{"line":179,"column":19},"end":{"line":179,"column":null}},"type":"cond-expr","locations":[{"start":{"line":179,"column":35},"end":{"line":179,"column":41}},{"start":{"line":179,"column":41},"end":{"line":179,"column":null}}],"line":179},"20":{"loc":{"start":{"line":184,"column":19},"end":{"line":184,"column":null}},"type":"cond-expr","locations":[{"start":{"line":184,"column":35},"end":{"line":184,"column":41}},{"start":{"line":184,"column":41},"end":{"line":184,"column":null}}],"line":184},"21":{"loc":{"start":{"line":188,"column":19},"end":{"line":188,"column":null}},"type":"cond-expr","locations":[{"start":{"line":188,"column":35},"end":{"line":188,"column":41}},{"start":{"line":188,"column":41},"end":{"line":188,"column":null}}],"line":188},"22":{"loc":{"start":{"line":189,"column":19},"end":{"line":189,"column":null}},"type":"cond-expr","locations":[{"start":{"line":189,"column":36},"end":{"line":189,"column":51}},{"start":{"line":189,"column":51},"end":{"line":189,"column":null}}],"line":189},"23":{"loc":{"start":{"line":202,"column":11},"end":{"line":227,"column":null}},"type":"cond-expr","locations":[{"start":{"line":203,"column":12},"end":{"line":205,"column":null}},{"start":{"line":206,"column":14},"end":{"line":227,"column":null}}],"line":202},"24":{"loc":{"start":{"line":206,"column":14},"end":{"line":227,"column":null}},"type":"cond-expr","locations":[{"start":{"line":207,"column":12},"end":{"line":209,"column":null}},{"start":{"line":211,"column":12},"end":{"line":227,"column":null}}],"line":206}},"s":{"0":51,"1":51,"2":17,"3":34,"4":33,"5":1,"6":51,"7":51,"8":51,"9":17,"10":17,"11":17,"12":11,"13":11,"14":11,"15":7,"16":0,"17":7,"18":6,"19":7,"20":6,"21":11,"22":11,"23":0,"24":11,"25":11,"26":11,"27":17,"28":17,"29":1,"30":17,"31":1,"32":17,"33":1,"34":17,"35":17,"36":17,"37":17,"38":17,"39":1},"f":{"0":51,"1":51,"2":51,"3":17,"4":11,"5":11,"6":0,"7":11,"8":17,"9":1,"10":1,"11":1,"12":1},"b":{"0":[17,34],"1":[17,34],"2":[33,1],"3":[34,1],"4":[17,34],"5":[1,33],"6":[17,34],"7":[1,33],"8":[0,7],"9":[6,1],"10":[6,1],"11":[17,11],"12":[17,11],"13":[17,11],"14":[17,5,5],"15":[11,6],"16":[5,1],"17":[11,6],"18":[5,1],"19":[11,6],"20":[11,6],"21":[11,6],"22":[0,17],"23":[11,6],"24":[5,1]},"meta":{"lastBranch":25,"lastFunction":13,"lastStatement":40,"seen":{"f:24:9:24:20":0,"s:25:2:41:Infinity":0,"b:35:61:35:73:35:73:35:Infinity":0,"f:45:9:45:21":1,"b:46:2:46:Infinity:undefined:undefined:undefined:undefined":1,"s:46:2:46:Infinity":1,"s:46:22:46:Infinity":2,"b:47:2:47:Infinity:undefined:undefined:undefined:undefined":2,"s:47:2:47:Infinity":3,"b:47:6:47:16:47:16:47:37":3,"s:47:37:47:Infinity":4,"s:48:2:48:Infinity":5,"f:56:9:56:19":2,"s:58:4:62:Infinity":6,"b:59:8:59:Infinity:60:8:62:Infinity":4,"b:61:10:61:Infinity:62:10:62:Infinity":5,"s:63:15:63:Infinity":7,"b:63:32:63:39:63:39:63:Infinity":6,"b:63:58:63:67:63:67:63:Infinity":7,"s:64:2:79:Infinity":8,"f:83:16:83:37":3,"s:84:26:84:Infinity":9,"s:85:22:85:Infinity":10,"s:87:2:101:Infinity":11,"f:87:12:87:18":4,"s:88:20:88:Infinity":12,"s:89:17:94:Infinity":13,"f:89:17:89:29":5,"s:90:22:90:Infinity":14,"b:91:6:91:Infinity:undefined:undefined:undefined:undefined":8,"s:91:6:91:Infinity":15,"s:91:21:91:Infinity":16,"b:92:6:92:Infinity:undefined:undefined:undefined:undefined":9,"s:92:6:92:Infinity":17,"s:92:36:92:Infinity":18,"b:93:6:93:Infinity:undefined:undefined:undefined:undefined":10,"s:93:6:93:Infinity":19,"s:93:37:93:Infinity":20,"s:95:4:95:Infinity":21,"s:96:14:96:Infinity":22,"f:96:26:96:32":6,"s:96:32:96:45":23,"s:97:4:100:Infinity":24,"f:97:11:97:17":7,"s:98:6:98:Infinity":25,"s:99:6:99:Infinity":26,"s:103:8:106:Infinity":27,"f:104:4:104:11":8,"s:104:4:104:Infinity":28,"b:104:11:104:19:104:19:104:23":11,"f:104:30:104:31":9,"s:104:37:104:59":29,"s:107:8:107:Infinity":30,"b:107:25:107:33:107:33:107:37":12,"f:107:44:107:45":10,"s:107:51:107:74":31,"s:108:8:108:Infinity":32,"b:108:22:108:30:108:30:108:34":13,"f:108:41:108:42":11,"s:108:48:108:68":33,"s:110:23:110:Infinity":34,"s:111:18:111:Infinity":35,"s:112:21:112:Infinity":36,"s:115:4:115:Infinity":37,"b:115:4:115:29:115:29:115:49:115:49:115:Infinity":14,"s:117:2:244:Infinity":38,"b:143:20:143:Infinity:144:20:146:Infinity":15,"b:145:22:145:Infinity:146:22:146:Infinity":16,"b:159:20:159:Infinity:160:20:162:Infinity":17,"b:161:22:161:Infinity:162:22:162:Infinity":18,"b:179:35:179:41:179:41:179:Infinity":19,"b:184:35:184:41:184:41:184:Infinity":20,"b:188:35:188:41:188:41:188:Infinity":21,"b:189:36:189:51:189:51:189:Infinity":22,"b:203:12:205:Infinity:206:14:227:Infinity":23,"b:207:12:209:Infinity:211:12:227:Infinity":24,"f:212:43:212:44":12,"s:213:16:225:Infinity":39}}}
,"/Users/churka/crypto-dashboard/frontend/src/app/components/dashboard/PositionsWidget.tsx": {"path":"/Users/churka/crypto-dashboard/frontend/src/app/components/dashboard/PositionsWidget.tsx","statementMap":{"0":{"start":{"line":19,"column":32},"end":{"line":19,"column":null}},"1":{"start":{"line":20,"column":24},"end":{"line":20,"column":null}},"2":{"start":{"line":22,"column":2},"end":{"line":56,"column":null}},"3":{"start":{"line":23,"column":20},"end":{"line":23,"column":null}},"4":{"start":{"line":24,"column":17},"end":{"line":49,"column":null}},"5":{"start":{"line":25,"column":6},"end":{"line":48,"column":null}},"6":{"start":{"line":27,"column":22},"end":{"line":29,"column":null}},"7":{"start":{"line":30,"column":35},"end":{"line":30,"column":null}},"8":{"start":{"line":31,"column":8},"end":{"line":40,"column":null}},"9":{"start":{"line":32,"column":10},"end":{"line":39,"column":null}},"10":{"start":{"line":33,"column":22},"end":{"line":35,"column":null}},"11":{"start":{"line":36,"column":12},"end":{"line":36,"column":null}},"12":{"start":{"line":41,"column":8},"end":{"line":41,"column":null}},"13":{"start":{"line":41,"column":23},"end":{"line":41,"column":null}},"14":{"start":{"line":42,"column":8},"end":{"line":42,"column":null}},"15":{"start":{"line":43,"column":8},"end":{"line":43,"column":null}},"16":{"start":{"line":45,"column":8},"end":{"line":45,"column":null}},"17":{"start":{"line":45,"column":23},"end":{"line":45,"column":null}},"18":{"start":{"line":46,"column":8},"end":{"line":46,"column":null}},"19":{"start":{"line":47,"column":8},"end":{"line":47,"column":null}},"20":{"start":{"line":50,"column":4},"end":{"line":50,"column":null}},"21":{"start":{"line":51,"column":14},"end":{"line":51,"column":null}},"22":{"start":{"line":52,"column":4},"end":{"line":55,"column":null}},"23":{"start":{"line":53,"column":6},"end":{"line":53,"column":null}},"24":{"start":{"line":54,"column":6},"end":{"line":54,"column":null}},"25":{"start":{"line":58,"column":2},"end":{"line":130,"column":null}},"26":{"start":{"line":93,"column":16},"end":{"line":124,"column":null}}},"fnMap":{"0":{"name":"PositionsWidget","decl":{"start":{"line":18,"column":16},"end":{"line":18,"column":34}},"loc":{"start":{"line":18,"column":34},"end":{"line":132,"column":null}},"line":18},"1":{"name":"(anonymous_1)","decl":{"start":{"line":22,"column":12},"end":{"line":22,"column":18}},"loc":{"start":{"line":22,"column":18},"end":{"line":56,"column":5}},"line":22},"2":{"name":"(anonymous_2)","decl":{"start":{"line":24,"column":17},"end":{"line":24,"column":29}},"loc":{"start":{"line":24,"column":29},"end":{"line":49,"column":null}},"line":24},"3":{"name":"(anonymous_3)","decl":{"start":{"line":52,"column":11},"end":{"line":52,"column":17}},"loc":{"start":{"line":52,"column":17},"end":{"line":55,"column":null}},"line":52},"4":{"name":"(anonymous_4)","decl":{"start":{"line":92,"column":28},"end":{"line":92,"column":29}},"loc":{"start":{"line":93,"column":16},"end":{"line":124,"column":null}},"line":93}},"branchMap":{"0":{"loc":{"start":{"line":41,"column":8},"end":{"line":41,"column":null}},"type":"if","locations":[{"start":{"line":41,"column":8},"end":{"line":41,"column":null}},{"start":{},"end":{}}],"line":41},"1":{"loc":{"start":{"line":45,"column":8},"end":{"line":45,"column":null}},"type":"if","locations":[{"start":{"line":45,"column":8},"end":{"line":45,"column":null}},{"start":{},"end":{}}],"line":45},"2":{"loc":{"start":{"line":75,"column":13},"end":{"line":125,"column":null}},"type":"cond-expr","locations":[{"start":{"line":76,"column":14},"end":{"line":82,"column":null}},{"start":{"line":83,"column":16},"end":{"line":125,"column":null}}],"line":75},"3":{"loc":{"start":{"line":83,"column":16},"end":{"line":125,"column":null}},"type":"cond-expr","locations":[{"start":{"line":84,"column":14},"end":{"line":90,"column":null}},{"start":{"line":92,"column":14},"end":{"line":125,"column":null}}],"line":83},"4":{"loc":{"start":{"line":87,"column":21},"end":{"line":87,"column":null}},"type":"binary-expr","locations":[{"start":{"line":87,"column":21},"end":{"line":87,"column":30}},{"start":{"line":87,"column":30},"end":{"line":87,"column":null}}],"line":87},"5":{"loc":{"start":{"line":101,"column":24},"end":{"line":101,"column":null}},"type":"cond-expr","locations":[{"start":{"line":101,"column":45},"end":{"line":101,"column":62}},{"start":{"line":101,"column":62},"end":{"line":101,"column":null}}],"line":101},"6":{"loc":{"start":{"line":104,"column":23},"end":{"line":104,"column":null}},"type":"cond-expr","locations":[{"start":{"line":104,"column":44},"end":{"line":104,"column":53}},{"start":{"line":104,"column":53},"end":{"line":104,"column":null}}],"line":104},"7":{"loc":{"start":{"line":112,"column":24},"end":{"line":114,"column":null}},"type":"cond-expr","locations":[{"start":{"line":113,"column":28},"end":{"line":113,"column":null}},{"start":{"line":114,"column":28},"end":{"line":114,"column":null}}],"line":112},"8":{"loc":{"start":{"line":117,"column":23},"end":{"line":117,"column":null}},"type":"cond-expr","locations":[{"start":{"line":117,"column":58},"end":{"line":117,"column":64}},{"start":{"line":117,"column":64},"end":{"line":117,"column":null}}],"line":117}},"s":{"0":13,"1":13,"2":13,"3":8,"4":8,"5":8,"6":8,"7":4,"8":4,"9":5,"10":5,"11":4,"12":4,"13":0,"14":4,"15":4,"16":1,"17":0,"18":1,"19":1,"20":8,"21":8,"22":8,"23":8,"24":8,"25":13,"26":3},"f":{"0":13,"1":8,"2":8,"3":8,"4":3},"b":{"0":[0,4],"1":[0,1],"2":[8,5],"3":[3,2],"4":[3,2],"5":[1,2],"6":[1,2],"7":[1,2],"8":[1,2]},"meta":{"lastBranch":9,"lastFunction":5,"lastStatement":27,"seen":{"f:18:16:18:34":0,"s:19:32:19:Infinity":0,"s:20:24:20:Infinity":1,"s:22:2:56:Infinity":2,"f:22:12:22:18":1,"s:23:20:23:Infinity":3,"s:24:17:49:Infinity":4,"f:24:17:24:29":2,"s:25:6:48:Infinity":5,"s:27:22:29:Infinity":6,"s:30:35:30:Infinity":7,"s:31:8:40:Infinity":8,"s:32:10:39:Infinity":9,"s:33:22:35:Infinity":10,"s:36:12:36:Infinity":11,"b:41:8:41:Infinity:undefined:undefined:undefined:undefined":0,"s:41:8:41:Infinity":12,"s:41:23:41:Infinity":13,"s:42:8:42:Infinity":14,"s:43:8:43:Infinity":15,"b:45:8:45:Infinity:undefined:undefined:undefined:undefined":1,"s:45:8:45:Infinity":16,"s:45:23:45:Infinity":17,"s:46:8:46:Infinity":18,"s:47:8:47:Infinity":19,"s:50:4:50:Infinity":20,"s:51:14:51:Infinity":21,"s:52:4:55:Infinity":22,"f:52:11:52:17":3,"s:53:6:53:Infinity":23,"s:54:6:54:Infinity":24,"s:58:2:130:Infinity":25,"b:76:14:82:Infinity:83:16:125:Infinity":2,"b:84:14:90:Infinity:92:14:125:Infinity":3,"b:87:21:87:30:87:30:87:Infinity":4,"f:92:28:92:29":4,"s:93:16:124:Infinity":26,"b:101:45:101:62:101:62:101:Infinity":5,"b:104:44:104:53:104:53:104:Infinity":6,"b:113:28:113:Infinity:114:28:114:Infinity":7,"b:117:58:117:64:117:64:117:Infinity":8}}}
,"/Users/churka/crypto-dashboard/frontend/src/app/components/dashboard/RecentTradesWidget.tsx": {"path":"/Users/churka/crypto-dashboard/frontend/src/app/components/dashboard/RecentTradesWidget.tsx","statementMap":{"0":{"start":{"line":21,"column":2},"end":{"line":29,"column":null}},"1":{"start":{"line":22,"column":4},"end":{"line":26,"column":null}},"2":{"start":{"line":28,"column":4},"end":{"line":28,"column":null}},"3":{"start":{"line":33,"column":26},"end":{"line":33,"column":null}},"4":{"start":{"line":34,"column":24},"end":{"line":34,"column":null}},"5":{"start":{"line":36,"column":2},"end":{"line":59,"column":null}},"6":{"start":{"line":37,"column":20},"end":{"line":37,"column":null}},"7":{"start":{"line":38,"column":17},"end":{"line":52,"column":null}},"8":{"start":{"line":39,"column":6},"end":{"line":51,"column":null}},"9":{"start":{"line":41,"column":10},"end":{"line":41,"column":null}},"10":{"start":{"line":41,"column":25},"end":{"line":41,"column":null}},"11":{"start":{"line":42,"column":10},"end":{"line":42,"column":null}},"12":{"start":{"line":43,"column":10},"end":{"line":43,"column":null}},"13":{"start":{"line":46,"column":10},"end":{"line":46,"column":null}},"14":{"start":{"line":46,"column":25},"end":{"line":46,"column":null}},"15":{"start":{"line":47,"column":10},"end":{"line":49,"column":null}},"16":{"start":{"line":50,"column":10},"end":{"line":50,"column":null}},"17":{"start":{"line":53,"column":4},"end":{"line":53,"column":null}},"18":{"start":{"line":54,"column":14},"end":{"line":54,"column":null}},"19":{"start":{"line":55,"column":4},"end":{"line":58,"column":null}},"20":{"start":{"line":56,"column":6},"end":{"line":56,"column":null}},"21":{"start":{"line":57,"column":6},"end":{"line":57,"column":null}},"22":{"start":{"line":61,"column":2},"end":{"line":148,"column":null}},"23":{"start":{"line":113,"column":16},"end":{"line":142,"column":null}}},"fnMap":{"0":{"name":"formatTime","decl":{"start":{"line":20,"column":9},"end":{"line":20,"column":20}},"loc":{"start":{"line":20,"column":41},"end":{"line":30,"column":null}},"line":20},"1":{"name":"RecentTradesWidget","decl":{"start":{"line":32,"column":16},"end":{"line":32,"column":37}},"loc":{"start":{"line":32,"column":37},"end":{"line":150,"column":null}},"line":32},"2":{"name":"(anonymous_2)","decl":{"start":{"line":36,"column":12},"end":{"line":36,"column":18}},"loc":{"start":{"line":36,"column":18},"end":{"line":59,"column":5}},"line":36},"3":{"name":"(anonymous_3)","decl":{"start":{"line":38,"column":17},"end":{"line":38,"column":23}},"loc":{"start":{"line":38,"column":23},"end":{"line":52,"column":null}},"line":38},"4":{"name":"(anonymous_4)","decl":{"start":{"line":40,"column":14},"end":{"line":40,"column":15}},"loc":{"start":{"line":40,"column":24},"end":{"line":44,"column":9}},"line":40},"5":{"name":"(anonymous_5)","decl":{"start":{"line":45,"column":15},"end":{"line":45,"column":16}},"loc":{"start":{"line":45,"column":24},"end":{"line":51,"column":9}},"line":45},"6":{"name":"(anonymous_6)","decl":{"start":{"line":55,"column":11},"end":{"line":55,"column":17}},"loc":{"start":{"line":55,"column":17},"end":{"line":58,"column":null}},"line":55},"7":{"name":"(anonymous_7)","decl":{"start":{"line":112,"column":25},"end":{"line":112,"column":26}},"loc":{"start":{"line":113,"column":16},"end":{"line":142,"column":null}},"line":113}},"branchMap":{"0":{"loc":{"start":{"line":41,"column":10},"end":{"line":41,"column":null}},"type":"if","locations":[{"start":{"line":41,"column":10},"end":{"line":41,"column":null}},{"start":{},"end":{}}],"line":41},"1":{"loc":{"start":{"line":46,"column":10},"end":{"line":46,"column":null}},"type":"if","locations":[{"start":{"line":46,"column":10},"end":{"line":46,"column":null}},{"start":{},"end":{}}],"line":46},"2":{"loc":{"start":{"line":48,"column":12},"end":{"line":48,"column":null}},"type":"cond-expr","locations":[{"start":{"line":48,"column":42},"end":{"line":48,"column":56}},{"start":{"line":48,"column":56},"end":{"line":48,"column":null}}],"line":48},"3":{"loc":{"start":{"line":95,"column":13},"end":{"line":143,"column":null}},"type":"cond-expr","locations":[{"start":{"line":96,"column":14},"end":{"line":102,"column":null}},{"start":{"line":103,"column":16},"end":{"line":143,"column":null}}],"line":95},"4":{"loc":{"start":{"line":103,"column":16},"end":{"line":143,"column":null}},"type":"cond-expr","locations":[{"start":{"line":104,"column":14},"end":{"line":110,"column":null}},{"start":{"line":112,"column":14},"end":{"line":143,"column":null}}],"line":103},"5":{"loc":{"start":{"line":107,"column":21},"end":{"line":107,"column":null}},"type":"binary-expr","locations":[{"start":{"line":107,"column":21},"end":{"line":107,"column":30}},{"start":{"line":107,"column":30},"end":{"line":107,"column":null}}],"line":107},"6":{"loc":{"start":{"line":127,"column":29},"end":{"line":127,"column":null}},"type":"cond-expr","locations":[{"start":{"line":127,"column":52},"end":{"line":127,"column":69}},{"start":{"line":127,"column":69},"end":{"line":127,"column":null}}],"line":127},"7":{"loc":{"start":{"line":129,"column":23},"end":{"line":129,"column":null}},"type":"cond-expr","locations":[{"start":{"line":129,"column":46},"end":{"line":129,"column":54}},{"start":{"line":129,"column":54},"end":{"line":129,"column":null}}],"line":129}},"s":{"0":2,"1":2,"2":0,"3":17,"4":17,"5":17,"6":10,"7":10,"8":10,"9":5,"10":0,"11":5,"12":5,"13":2,"14":0,"15":2,"16":2,"17":10,"18":10,"19":10,"20":10,"21":10,"22":17,"23":2},"f":{"0":2,"1":17,"2":10,"3":10,"4":5,"5":2,"6":10,"7":2},"b":{"0":[0,5],"1":[0,2],"2":[1,1],"3":[10,7],"4":[6,1],"5":[6,4],"6":[1,1],"7":[1,1]},"meta":{"lastBranch":8,"lastFunction":8,"lastStatement":24,"seen":{"f:20:9:20:20":0,"s:21:2:29:Infinity":0,"s:22:4:26:Infinity":1,"s:28:4:28:Infinity":2,"f:32:16:32:37":1,"s:33:26:33:Infinity":3,"s:34:24:34:Infinity":4,"s:36:2:59:Infinity":5,"f:36:12:36:18":2,"s:37:20:37:Infinity":6,"s:38:17:52:Infinity":7,"f:38:17:38:23":3,"s:39:6:51:Infinity":8,"f:40:14:40:15":4,"b:41:10:41:Infinity:undefined:undefined:undefined:undefined":0,"s:41:10:41:Infinity":9,"s:41:25:41:Infinity":10,"s:42:10:42:Infinity":11,"s:43:10:43:Infinity":12,"f:45:15:45:16":5,"b:46:10:46:Infinity:undefined:undefined:undefined:undefined":1,"s:46:10:46:Infinity":13,"s:46:25:46:Infinity":14,"s:47:10:49:Infinity":15,"b:48:42:48:56:48:56:48:Infinity":2,"s:50:10:50:Infinity":16,"s:53:4:53:Infinity":17,"s:54:14:54:Infinity":18,"s:55:4:58:Infinity":19,"f:55:11:55:17":6,"s:56:6:56:Infinity":20,"s:57:6:57:Infinity":21,"s:61:2:148:Infinity":22,"b:96:14:102:Infinity:103:16:143:Infinity":3,"b:104:14:110:Infinity:112:14:143:Infinity":4,"b:107:21:107:30:107:30:107:Infinity":5,"f:112:25:112:26":7,"s:113:16:142:Infinity":23,"b:127:52:127:69:127:69:127:Infinity":6,"b:129:46:129:54:129:54:129:Infinity":7}}}
,"/Users/churka/crypto-dashboard/frontend/src/app/pages/Dashboard.tsx": {"path":"/Users/churka/crypto-dashboard/frontend/src/app/pages/Dashboard.tsx","statementMap":{"0":{"start":{"line":9,"column":2},"end":{"line":35,"column":null}}},"fnMap":{"0":{"name":"Dashboard","decl":{"start":{"line":8,"column":16},"end":{"line":8,"column":28}},"loc":{"start":{"line":8,"column":28},"end":{"line":37,"column":null}},"line":8}},"branchMap":{},"s":{"0":2},"f":{"0":2},"b":{},"meta":{"lastBranch":0,"lastFunction":1,"lastStatement":1,"seen":{"f:8:16:8:28":0,"s:9:2:35:Infinity":0}}}
}
